ERROR - 2023-10-11 14:19:40 --> Email: Unable to send email using SMTP. Your server might not be configured to send mail using this method.
ERROR - 2023-10-11 14:19:40 --> 220-p3plzcpnl503553.prod.phx3.secureserver.net ESMTP Exim 4.95 #2 Wed, 11 Oct 2023 07:19:36 -0700 
220-We do not authorize the use of this system to transport unsolicited, 
220 and/or bulk e-mail.

hello: 250-p3plzcpnl503553.prod.phx3.secureserver.net Hello localhost [190.238.187.241]
250-SIZE 52428800
250-8BITMIME
250-PIPELINING
250-PIPE_CONNECT
250-AUTH PLAIN LOGIN
250 HELP

Failed to authenticate password. Error: 535 Incorrect authentication data

ERROR - 2023-10-11 14:19:59 --> Email: Unable to send email using SMTP. Your server might not be configured to send mail using this method.
ERROR - 2023-10-11 14:19:59 --> 220-p3plzcpnl503553.prod.phx3.secureserver.net ESMTP Exim 4.95 #2 Wed, 11 Oct 2023 07:19:56 -0700 
220-We do not authorize the use of this system to transport unsolicited, 
220 and/or bulk e-mail.

hello: 250-p3plzcpnl503553.prod.phx3.secureserver.net Hello localhost [190.238.187.241]
250-SIZE 52428800
250-8BITMIME
250-PIPELINING
250-PIPE_CONNECT
250-AUTH PLAIN LOGIN
250 HELP

Failed to authenticate password. Error: 535 Incorrect authentication data

ERROR - 2023-10-11 14:20:55 --> Email: Unable to send email using SMTP. Your server might not be configured to send mail using this method.
ERROR - 2023-10-11 14:20:55 --> 220-p3plzcpnl503553.prod.phx3.secureserver.net ESMTP Exim 4.95 #2 Wed, 11 Oct 2023 07:20:52 -0700 
220-We do not authorize the use of this system to transport unsolicited, 
220 and/or bulk e-mail.

hello: 250-p3plzcpnl503553.prod.phx3.secureserver.net Hello localhost [190.238.187.241]
250-SIZE 52428800
250-8BITMIME
250-PIPELINING
250-PIPE_CONNECT
250-AUTH PLAIN LOGIN
250 HELP

Failed to authenticate password. Error: 535 Incorrect authentication data

ERROR - 2023-10-11 14:22:56 --> Email: Unable to send email using SMTP. Your server might not be configured to send mail using this method.
ERROR - 2023-10-11 14:22:56 --> 220-p3plzcpnl503553.prod.phx3.secureserver.net ESMTP Exim 4.95 #2 Wed, 11 Oct 2023 07:22:52 -0700 
220-We do not authorize the use of this system to transport unsolicited, 
220 and/or bulk e-mail.

hello: 250-p3plzcpnl503553.prod.phx3.secureserver.net Hello localhost [190.238.187.241]
250-SIZE 52428800
250-8BITMIME
250-PIPELINING
250-PIPE_CONNECT
250-AUTH PLAIN LOGIN
250 HELP

Failed to authenticate password. Error: 535 Incorrect authentication data

ERROR - 2023-10-11 14:23:24 --> Email: Unable to send email using SMTP. Your server might not be configured to send mail using this method.
ERROR - 2023-10-11 14:23:24 --> 220-p3plzcpnl503553.prod.phx3.secureserver.net ESMTP Exim 4.95 #2 Wed, 11 Oct 2023 07:23:20 -0700 
220-We do not authorize the use of this system to transport unsolicited, 
220 and/or bulk e-mail.

hello: 250-p3plzcpnl503553.prod.phx3.secureserver.net Hello localhost [190.238.187.241]
250-SIZE 52428800
250-8BITMIME
250-PIPELINING
250-PIPE_CONNECT
250-AUTH PLAIN LOGIN
250 HELP

Failed to authenticate password. Error: 535 Incorrect authentication data

ERROR - 2023-10-11 14:24:13 --> Email: Unable to send email using SMTP. Your server might not be configured to send mail using this method.
ERROR - 2023-10-11 14:24:13 --> 220-p3plzcpnl503553.prod.phx3.secureserver.net ESMTP Exim 4.95 #2 Wed, 11 Oct 2023 07:24:10 -0700 
220-We do not authorize the use of this system to transport unsolicited, 
220 and/or bulk e-mail.

hello: 250-p3plzcpnl503553.prod.phx3.secureserver.net Hello localhost [190.238.187.241]
250-SIZE 52428800
250-8BITMIME
250-PIPELINING
250-PIPE_CONNECT
250-AUTH PLAIN LOGIN
250 HELP

Failed to authenticate password. Error: 535 Incorrect authentication data

ERROR - 2023-10-11 14:26:19 --> Email: Unable to send email using SMTP. Your server might not be configured to send mail using this method.
ERROR - 2023-10-11 14:26:19 --> 220-p3plzcpnl503553.prod.phx3.secureserver.net ESMTP Exim 4.95 #2 Wed, 11 Oct 2023 07:26:15 -0700 
220-We do not authorize the use of this system to transport unsolicited, 
220 and/or bulk e-mail.

hello: 250-p3plzcpnl503553.prod.phx3.secureserver.net Hello localhost [190.238.187.241]
250-SIZE 52428800
250-8BITMIME
250-PIPELINING
250-PIPE_CONNECT
250-AUTH PLAIN LOGIN
250 HELP

Failed to authenticate password. Error: 535 Incorrect authentication data

ERROR - 2023-10-11 14:27:05 --> Email: Unable to send email using SMTP. Your server might not be configured to send mail using this method.
ERROR - 2023-10-11 14:27:05 --> 220-p3plzcpnl503553.prod.phx3.secureserver.net ESMTP Exim 4.95 #2 Wed, 11 Oct 2023 07:27:02 -0700 
220-We do not authorize the use of this system to transport unsolicited, 
220 and/or bulk e-mail.

hello: 250-p3plzcpnl503553.prod.phx3.secureserver.net Hello localhost [190.238.187.241]
250-SIZE 52428800
250-8BITMIME
250-PIPELINING
250-PIPE_CONNECT
250-AUTH PLAIN LOGIN
250 HELP

Failed to authenticate password. Error: 535 Incorrect authentication data

ERROR - 2023-10-11 14:30:48 --> Email: Unable to send email using SMTP. Your server might not be configured to send mail using this method.
ERROR - 2023-10-11 14:30:48 --> 220-p3plzcpnl503553.prod.phx3.secureserver.net ESMTP Exim 4.95 #2 Wed, 11 Oct 2023 07:30:45 -0700 
220-We do not authorize the use of this system to transport unsolicited, 
220 and/or bulk e-mail.

hello: 250-p3plzcpnl503553.prod.phx3.secureserver.net Hello localhost [190.238.187.241]
250-SIZE 52428800
250-8BITMIME
250-PIPELINING
250-PIPE_CONNECT
250-AUTH PLAIN LOGIN
250 HELP

Failed to authenticate password. Error: 535 Incorrect authentication data

ERROR - 2023-10-11 14:32:32 --> Email: Unable to send email using SMTP. Your server might not be configured to send mail using this method.
ERROR - 2023-10-11 14:32:32 --> 220-p3plzcpnl503553.prod.phx3.secureserver.net ESMTP Exim 4.95 #2 Wed, 11 Oct 2023 07:32:29 -0700 
220-We do not authorize the use of this system to transport unsolicited, 
220 and/or bulk e-mail.

hello: 250-p3plzcpnl503553.prod.phx3.secureserver.net Hello localhost [190.238.187.241]
250-SIZE 52428800
250-8BITMIME
250-PIPELINING
250-PIPE_CONNECT
250-AUTH PLAIN LOGIN
250 HELP

Failed to authenticate password. Error: 535 Incorrect authentication data

ERROR - 2023-10-11 14:36:33 --> Email: Unable to send email using SMTP. Your server might not be configured to send mail using this method.
ERROR - 2023-10-11 14:36:33 --> 220-p3plzcpnl503553.prod.phx3.secureserver.net ESMTP Exim 4.95 #2 Wed, 11 Oct 2023 07:36:30 -0700 
220-We do not authorize the use of this system to transport unsolicited, 
220 and/or bulk e-mail.

hello: 250-p3plzcpnl503553.prod.phx3.secureserver.net Hello localhost [190.238.187.241]
250-SIZE 52428800
250-8BITMIME
250-PIPELINING
250-PIPE_CONNECT
250-AUTH PLAIN LOGIN
250 HELP

Failed to authenticate password. Error: 535 Incorrect authentication data

